<html>
<body>
<pre>
<h1>Vision Build Log</h1>
<h2>Tool Versions:</h2>
IDE-Version: μVision V5.24.2.0
Copyright (C) 2017 ARM Ltd and ARM Germany GmbH. All rights reserved.
License Information: 1 1, 1, LIC=EXJT4-FEU07-9UI4U-S08TW-WCZLH-CQJ8H
 
Tool Versions:
Toolchain:       MDK-ARM Plus  Version: 5.24.1
Toolchain Path:  D:\Keil_v5\ARM\ARMCC\Bin
C Compiler:      Armcc.exe V5.06 update 5 (build 528)
Assembler:       Armasm.exe V5.06 update 5 (build 528)
Linker/Locator:  ArmLink.exe V5.06 update 5 (build 528)
Library Manager: ArmAr.exe V5.06 update 5 (build 528)
Hex Converter:   FromElf.exe V5.06 update 5 (build 528)
CPU DLL:         SARMCM3.DLL V5.24.1
Dialog DLL:      DCM.DLL V1.16.0.0
Target DLL:      CMSIS_AGDI.dll V1.28.3.0
Dialog DLL:      TCM.DLL V1.32.0.0
 
<h2>Project:</h2>
D:\Disktop\STM32-Develop\F103-标准库\21-infanette\Project\ZC-F103.uvprojx
Project File Date:  01/21/2024

<h2>Output:</h2>
*** Using Compiler 'V5.06 update 5 (build 528)', folder: 'D:\Keil_v5\ARM\ARMCC\Bin'
Build target '工程模板'
compiling FLASH.c...
..\Device\FLASH.c(17): error:  #20: identifier "FLASH_EraseInitTypeDef" is undefined
      FLASH_EraseInitTypeDef f;
..\Device\FLASH.c(18): error:  #20: identifier "FLASH_TYPEERASE_PAGES" is undefined
      f.TypeErase = FLASH_TYPEERASE_PAGES;
..\Device\FLASH.c(24): error:  #140: too many arguments in function call
      FLASH_ErasePage(&f, &PageError);
..\Device\FLASH.c(26): error:  #20: identifier "FLASH_TYPEPROGRAM_WORD" is undefined
      FLASH_ProgramWord(FLASH_TYPEPROGRAM_WORD, EEPROM_ADD, EEPROM_Data);
..\Device\FLASH.c(26): error:  #140: too many arguments in function call
      FLASH_ProgramWord(FLASH_TYPEPROGRAM_WORD, EEPROM_ADD, EEPROM_Data);
..\Device\FLASH.c: 0 warnings, 5 errors
"..\Output\smart-plant.axf" - 5 Error(s), 0 Warning(s).

<h2>Software Packages used:</h2>

Package Vendor: Keil
                http://www.keil.com/pack/Keil.STM32F1xx_DFP.2.3.0.pack
                Keil.STM32F1xx_DFP.2.3.0
                STMicroelectronics STM32F1 Series Device Support, Drivers and Examples

<h2>Collection of Component include folders:</h2>
  .\RTE\_________
  D:\Keil_v5\Arm\Packs\Keil\STM32F1xx_DFP\2.3.0\Device\Include

<h2>Collection of Component Files used:</h2>
Target not created.
Build Time Elapsed:  00:00:01
</pre>
</body>
</html>
